<?xml version="1.0" encoding="UTF-8"?>
<testsuite name="Test" tests="1" skipped="0" failures="0" errors="0" timestamp="2019-08-23T09:26:04" hostname="genetik.local" time="0.002">
  <properties/>
  <testcase name="testNonNull" classname="Test" time="0.002"/>
  <system-out><![CDATA[]]></system-out>
  <system-err><![CDATA[]]></system-err>
</testsuite>
